# JRE version: Java(TM) SE Runtime Environment (8.0_271-b09) (build 1.8.0_271-b09)
# Java VM: Java HotSpot(TM) 64-Bit Server VM (25.271-b09 mixed mode windows-amd64 compressed oops)
Heap:
 PSYoungGen      total 120320K, used 81491K [0x00000000f5580000, 0x00000000ffc00000, 0x0000000100000000)
  eden space 75264K, 93% used [0x00000000f5580000,0x00000000f9a7f1d0,0x00000000f9f00000)
  from space 45056K, 24% used [0x00000000fd000000,0x00000000fda95ce8,0x00000000ffc00000)
  to   space 47616K, 0% used [0x00000000f9f00000,0x00000000f9f00000,0x00000000fcd80000)
 ParOldGen       total 349696K, used 232844K [0x00000000e0000000, 0x00000000f5580000, 0x00000000f5580000)
  object space 349696K, 66% used [0x00000000e0000000,0x00000000ee363130,0x00000000f5580000)
 Metaspace       used 127887K, capacity 135170K, committed 135256K, reserved 1167360K
  class space    used 16559K, capacity 17979K, committed 18048K, reserved 1048576K
GC Heap History (10 events):
Event: 520.931 GC heap before
{Heap before GC invocations=48 (full 4):
 PSYoungGen      total 146432K, used 131141K [0x00000000f5580000, 0x00000000fff00000, 0x0000000100000000)
  eden space 121856K, 100% used [0x00000000f5580000,0x00000000fcc80000,0x00000000fcc80000)
  from space 24576K, 37% used [0x00000000fcc80000,0x00000000fd591458,0x00000000fe480000)
  to   space 23552K, 0% used [0x00000000fe800000,0x00000000fe800000,0x00000000fff00000)
 ParOldGen       total 349696K, used 120896K [0x00000000e0000000, 0x00000000f5580000, 0x00000000f5580000)
  object space 349696K, 34% used [0x00000000e0000000,0x00000000e7610028,0x00000000f5580000)
 Metaspace       used 126237K, capacity 133304K, committed 133592K, reserved 1165312K
  class space    used 16422K, capacity 17838K, committed 17920K, reserved 1048576K
Event: 520.982 GC heap after
Heap after GC invocations=48 (full 4):
 PSYoungGen      total 123392K, used 23527K [0x00000000f5580000, 0x0000000100000000, 0x0000000100000000)
  eden space 99840K, 0% used [0x00000000f5580000,0x00000000f5580000,0x00000000fb700000)
  from space 23552K, 99% used [0x00000000fe800000,0x00000000ffef9f10,0x00000000fff00000)
  to   space 37376K, 0% used [0x00000000fb700000,0x00000000fb700000,0x00000000fdb80000)
 ParOldGen       total 349696K, used 149564K [0x00000000e0000000, 0x00000000f5580000, 0x00000000f5580000)
  object space 349696K, 42% used [0x00000000e0000000,0x00000000e920f190,0x00000000f5580000)
 Metaspace       used 126237K, capacity 133304K, committed 133592K, reserved 1165312K
  class space    used 16422K, capacity 17838K, committed 17920K, reserved 1048576K
}
Event: 521.841 GC heap before
{Heap before GC invocations=49 (full 4):
 PSYoungGen      total 123392K, used 123367K [0x00000000f5580000, 0x0000000100000000, 0x0000000100000000)
  eden space 99840K, 100% used [0x00000000f5580000,0x00000000fb700000,0x00000000fb700000)
  from space 23552K, 99% used [0x00000000fe800000,0x00000000ffef9f10,0x00000000fff00000)
  to   space 37376K, 0% used [0x00000000fb700000,0x00000000fb700000,0x00000000fdb80000)
 ParOldGen       total 349696K, used 149564K [0x00000000e0000000, 0x00000000f5580000, 0x00000000f5580000)
  object space 349696K, 42% used [0x00000000e0000000,0x00000000e920f190,0x00000000f5580000)
 Metaspace       used 126992K, capacity 134144K, committed 134488K, reserved 1165312K
  class space    used 16512K, capacity 17922K, committed 18048K, reserved 1048576K
Event: 521.962 GC heap after
Heap after GC invocations=49 (full 4):
 PSYoungGen      total 137216K, used 37344K [0x00000000f5580000, 0x0000000100000000, 0x0000000100000000)
  eden space 99840K, 0% used [0x00000000f5580000,0x00000000f5580000,0x00000000fb700000)
  from space 37376K, 99% used [0x00000000fb700000,0x00000000fdb781c8,0x00000000fdb80000)
  to   space 37376K, 0% used [0x00000000fdb80000,0x00000000fdb80000,0x0000000100000000)
 ParOldGen       total 349696K, used 171060K [0x00000000e0000000, 0x00000000f5580000, 0x00000000f5580000)
  object space 349696K, 48% used [0x00000000e0000000,0x00000000ea70d308,0x00000000f5580000)
 Metaspace       used 126992K, capacity 134144K, committed 134488K, reserved 1165312K
  class space    used 16512K, capacity 17922K, committed 18048K, reserved 1048576K
}
Event: 522.860 GC heap before
{Heap before GC invocations=50 (full 4):
 PSYoungGen      total 137216K, used 137184K [0x00000000f5580000, 0x0000000100000000, 0x0000000100000000)
  eden space 99840K, 100% used [0x00000000f5580000,0x00000000fb700000,0x00000000fb700000)
  from space 37376K, 99% used [0x00000000fb700000,0x00000000fdb781c8,0x00000000fdb80000)
  to   space 37376K, 0% used [0x00000000fdb80000,0x00000000fdb80000,0x0000000100000000)
 ParOldGen       total 349696K, used 171060K [0x00000000e0000000, 0x00000000f5580000, 0x00000000f5580000)
  object space 349696K, 48% used [0x00000000e0000000,0x00000000ea70d308,0x00000000f5580000)
 Metaspace       used 127271K, capacity 134414K, committed 134744K, reserved 1165312K
  class space    used 16531K, capacity 17937K, committed 18048K, reserved 1048576K
Event: 522.944 GC heap after
Heap after GC invocations=50 (full 4):
 PSYoungGen      total 111616K, used 23222K [0x00000000f5580000, 0x0000000100000000, 0x0000000100000000)
  eden space 74240K, 0% used [0x00000000f5580000,0x00000000f5580000,0x00000000f9e00000)
  from space 37376K, 62% used [0x00000000fdb80000,0x00000000ff22d8c0,0x0000000100000000)
  to   space 50176K, 0% used [0x00000000f9e00000,0x00000000f9e00000,0x00000000fcf00000)
 ParOldGen       total 349696K, used 207859K [0x00000000e0000000, 0x00000000f5580000, 0x00000000f5580000)
  object space 349696K, 59% used [0x00000000e0000000,0x00000000ecafcde8,0x00000000f5580000)
 Metaspace       used 127271K, capacity 134414K, committed 134744K, reserved 1165312K
  class space    used 16531K, capacity 17937K, committed 18048K, reserved 1048576K
}
Event: 523.481 GC heap before
{Heap before GC invocations=51 (full 4):
 PSYoungGen      total 111616K, used 97462K [0x00000000f5580000, 0x0000000100000000, 0x0000000100000000)
  eden space 74240K, 100% used [0x00000000f5580000,0x00000000f9e00000,0x00000000f9e00000)
  from space 37376K, 62% used [0x00000000fdb80000,0x00000000ff22d8c0,0x0000000100000000)
  to   space 50176K, 0% used [0x00000000f9e00000,0x00000000f9e00000,0x00000000fcf00000)
 ParOldGen       total 349696K, used 207859K [0x00000000e0000000, 0x00000000f5580000, 0x00000000f5580000)
  object space 349696K, 59% used [0x00000000e0000000,0x00000000ecafcde8,0x00000000f5580000)
 Metaspace       used 127446K, capacity 134634K, committed 135000K, reserved 1167360K
  class space    used 16531K, capacity 17937K, committed 18048K, reserved 1048576K
Event: 523.511 GC heap after
Heap after GC invocations=51 (full 4):
 PSYoungGen      total 124416K, used 5992K [0x00000000f5580000, 0x0000000100000000, 0x0000000100000000)
  eden space 74240K, 0% used [0x00000000f5580000,0x00000000f5580000,0x00000000f9e00000)
  from space 50176K, 11% used [0x00000000f9e00000,0x00000000fa3da378,0x00000000fcf00000)
  to   space 49152K, 0% used [0x00000000fd000000,0x00000000fd000000,0x0000000100000000)
 ParOldGen       total 349696K, used 228437K [0x00000000e0000000, 0x00000000f5580000, 0x00000000f5580000)
  object space 349696K, 65% used [0x00000000e0000000,0x00000000edf15790,0x00000000f5580000)
 Metaspace       used 127446K, capacity 134634K, committed 135000K, reserved 1167360K
  class space    used 16531K, capacity 17937K, committed 18048K, reserved 1048576K
}
Event: 524.058 GC heap before
{Heap before GC invocations=52 (full 4):
 PSYoungGen      total 124416K, used 80232K [0x00000000f5580000, 0x0000000100000000, 0x0000000100000000)
  eden space 74240K, 100% used [0x00000000f5580000,0x00000000f9e00000,0x00000000f9e00000)
  from space 50176K, 11% used [0x00000000f9e00000,0x00000000fa3da378,0x00000000fcf00000)
  to   space 49152K, 0% used [0x00000000fd000000,0x00000000fd000000,0x0000000100000000)
 ParOldGen       total 349696K, used 228437K [0x00000000e0000000, 0x00000000f5580000, 0x00000000f5580000)
  object space 349696K, 65% used [0x00000000e0000000,0x00000000edf15790,0x00000000f5580000)
 Metaspace       used 127559K, capacity 134792K, committed 135000K, reserved 1167360K
  class space    used 16535K, capacity 17942K, committed 18048K, reserved 1048576K
Event: 524.084 GC heap after
Heap after GC invocations=52 (full 4):
 PSYoungGen      total 120320K, used 10839K [0x00000000f5580000, 0x00000000ffc00000, 0x0000000100000000)
  eden space 75264K, 0% used [0x00000000f5580000,0x00000000f5580000,0x00000000f9f00000)
  from space 45056K, 24% used [0x00000000fd000000,0x00000000fda95ce8,0x00000000ffc00000)
  to   space 47616K, 0% used [0x00000000f9f00000,0x00000000f9f00000,0x00000000fcd80000)
 ParOldGen       total 349696K, used 232844K [0x00000000e0000000, 0x00000000f5580000, 0x00000000f5580000)
  object space 349696K, 66% used [0x00000000e0000000,0x00000000ee363130,0x00000000f5580000)
 Metaspace       used 127559K, capacity 134792K, committed 135000K, reserved 1167360K
  class space    used 16535K, capacity 17942K, committed 18048K, reserved 1048576K
}

